This file contains any messages produced by compilers while
running configure, to aid debugging if configure makes a mistake.

It was created by ejabberd.erl configure version, which was
generated by GNU Autoconf 2.64.  Invocation command line was

  $ ./configure --enable-odbc --enable-mssql

## --------- ##
## Platform. ##
## --------- ##

hostname = dell01
uname -m = i686
uname -r = 2.6.32-22-generic
uname -s = Linux
uname -v = #36-Ubuntu SMP Thu Jun 3 22:02:19 UTC 2010

/usr/bin/uname -p = unknown
/bin/uname -X     = unknown

/bin/arch              = unknown
/usr/bin/arch -k       = unknown
/usr/convex/getsysinfo = unknown
/usr/bin/hostinfo      = unknown
/bin/machine           = unknown
/usr/bin/oslevel       = unknown
/bin/universe          = unknown

PATH: /usr/local/sbin
PATH: /usr/local/bin
PATH: /usr/sbin
PATH: /usr/bin
PATH: /sbin
PATH: /bin
PATH: /usr/games


## ----------- ##
## Core tests. ##
## ----------- ##

configure:2208: checking for gcc
configure:2224: found /usr/bin/gcc
configure:2235: result: gcc
configure:2464: checking for C compiler version
configure:2473: gcc --version >&5
gcc (Ubuntu 4.4.3-4ubuntu5) 4.4.3
Copyright (C) 2009 Free Software Foundation, Inc.
This is free software; see the source for copying conditions.  There is NO
warranty; not even for MERCHANTABILITY or FITNESS FOR A PARTICULAR PURPOSE.

configure:2484: $? = 0
configure:2473: gcc -v >&5
Using built-in specs.
Target: i486-linux-gnu
Configured with: ../src/configure -v --with-pkgversion='Ubuntu 4.4.3-4ubuntu5' --with-bugurl=file:///usr/share/doc/gcc-4.4/README.Bugs --enable-languages=c,c++,fortran,objc,obj-c++ --prefix=/usr --enable-shared --enable-multiarch --enable-linker-build-id --with-system-zlib --libexecdir=/usr/lib --without-included-gettext --enable-threads=posix --with-gxx-include-dir=/usr/include/c++/4.4 --program-suffix=-4.4 --enable-nls --enable-clocale=gnu --enable-libstdcxx-debug --enable-plugin --enable-objc-gc --enable-targets=all --disable-werror --with-arch-32=i486 --with-tune=generic --enable-checking=release --build=i486-linux-gnu --host=i486-linux-gnu --target=i486-linux-gnu
Thread model: posix
gcc version 4.4.3 (Ubuntu 4.4.3-4ubuntu5) 
configure:2484: $? = 0
configure:2473: gcc -V >&5
gcc: '-V' option must have argument
configure:2484: $? = 1
configure:2473: gcc -qversion >&5
gcc: unrecognized option '-qversion'
gcc: no input files
configure:2484: $? = 1
configure:2506: checking for C compiler default output file name
configure:2528: gcc    conftest.c  >&5
configure:2532: $? = 0
configure:2569: result: a.out
configure:2585: checking whether the C compiler works
configure:2594: ./a.out
configure:2598: $? = 0
configure:2613: result: yes
configure:2620: checking whether we are cross compiling
configure:2622: result: no
configure:2625: checking for suffix of executables
configure:2632: gcc -o conftest    conftest.c  >&5
configure:2636: $? = 0
configure:2658: result: 
configure:2664: checking for suffix of object files
configure:2686: gcc -c   conftest.c >&5
configure:2690: $? = 0
configure:2711: result: o
configure:2715: checking whether we are using the GNU C compiler
configure:2734: gcc -c   conftest.c >&5
configure:2734: $? = 0
configure:2743: result: yes
configure:2752: checking whether gcc accepts -g
configure:2772: gcc -c -g  conftest.c >&5
configure:2772: $? = 0
configure:2813: result: yes
configure:2830: checking for gcc option to accept ISO C89
configure:2894: gcc  -c -g -O2  conftest.c >&5
configure:2894: $? = 0
configure:2907: result: none needed
configure:2927: checking whether make sets $(MAKE)
configure:2949: result: yes
configure:3018: checking for erlc
configure:3037: found /usr/local/bin/erlc
configure:3049: result: /usr/local/bin/erlc
configure:3118: checking for erl
configure:3137: found /usr/local/bin/erl
configure:3149: result: /usr/local/bin/erl
configure:3275: checking for iconv
configure:3297: gcc -o conftest -g -O2 -Wall   conftest.c  >&5
configure:3297: $? = 0
configure:3363: result: yes
configure:3369: checking for iconv declaration
configure:3398: gcc -c -g -O2 -Wall  conftest.c >&5
configure:3398: $? = 0
configure:3409: result: 
         extern size_t iconv (iconv_t cd, char * *inbuf, size_t *inbytesleft, char * *outbuf, size_t *outbytesleft);
configure:3430: checking how to run the C preprocessor
configure:3461: gcc -E  conftest.c
configure:3461: $? = 0
configure:3475: gcc -E  conftest.c
conftest.c:11:28: error: ac_nonexistent.h: No such file or directory
configure:3475: $? = 1
configure: failed program was:
| /* confdefs.h */
| #define PACKAGE_NAME "ejabberd.erl"
| #define PACKAGE_TARNAME "ejabberd"
| #define PACKAGE_VERSION "version"
| #define PACKAGE_STRING "ejabberd.erl version"
| #define PACKAGE_BUGREPORT "ejabberd@process-one.net"
| #define PACKAGE_URL ""
| #define HAVE_ICONV 1
| #define ICONV_CONST 
| /* end confdefs.h.  */
| #include <ac_nonexistent.h>
configure:3500: result: gcc -E
configure:3520: gcc -E  conftest.c
configure:3520: $? = 0
configure:3534: gcc -E  conftest.c
conftest.c:11:28: error: ac_nonexistent.h: No such file or directory
configure:3534: $? = 1
configure: failed program was:
| /* confdefs.h */
| #define PACKAGE_NAME "ejabberd.erl"
| #define PACKAGE_TARNAME "ejabberd"
| #define PACKAGE_VERSION "version"
| #define PACKAGE_STRING "ejabberd.erl version"
| #define PACKAGE_BUGREPORT "ejabberd@process-one.net"
| #define PACKAGE_URL ""
| #define HAVE_ICONV 1
| #define ICONV_CONST 
| /* end confdefs.h.  */
| #include <ac_nonexistent.h>
configure:3563: checking for grep that handles long lines and -e
configure:3621: result: /bin/grep
configure:3626: checking for egrep
configure:3688: result: /bin/grep -E
configure:3693: checking for ANSI C header files
configure:3713: gcc -c -g -O2 -Wall  conftest.c >&5
configure:3713: $? = 0
configure:3786: gcc -o conftest -g -O2 -Wall   conftest.c  >&5
configure:3786: $? = 0
configure:3786: ./conftest
configure:3786: $? = 0
configure:3797: result: yes
configure:3810: checking for sys/types.h
configure:3810: gcc -c -g -O2 -Wall  conftest.c >&5
configure:3810: $? = 0
configure:3810: result: yes
configure:3810: checking for sys/stat.h
configure:3810: gcc -c -g -O2 -Wall  conftest.c >&5
configure:3810: $? = 0
configure:3810: result: yes
configure:3810: checking for stdlib.h
configure:3810: gcc -c -g -O2 -Wall  conftest.c >&5
configure:3810: $? = 0
configure:3810: result: yes
configure:3810: checking for string.h
configure:3810: gcc -c -g -O2 -Wall  conftest.c >&5
configure:3810: $? = 0
configure:3810: result: yes
configure:3810: checking for memory.h
configure:3810: gcc -c -g -O2 -Wall  conftest.c >&5
configure:3810: $? = 0
configure:3810: result: yes
configure:3810: checking for strings.h
configure:3810: gcc -c -g -O2 -Wall  conftest.c >&5
configure:3810: $? = 0
configure:3810: result: yes
configure:3810: checking for inttypes.h
configure:3810: gcc -c -g -O2 -Wall  conftest.c >&5
configure:3810: $? = 0
configure:3810: result: yes
configure:3810: checking for stdint.h
configure:3810: gcc -c -g -O2 -Wall  conftest.c >&5
configure:3810: $? = 0
configure:3810: result: yes
configure:3810: checking for unistd.h
configure:3810: gcc -c -g -O2 -Wall  conftest.c >&5
configure:3810: $? = 0
configure:3810: result: yes
configure:3837: checking for XML_ParserCreate in -lexpat
configure:3862: gcc -o conftest -g -O2 -Wall   conftest.c -lexpat   >&5
configure:3862: $? = 0
configure:3871: result: yes
configure:3889: checking expat.h usability
configure:3889: gcc -c -g -O2 -Wall    conftest.c >&5
configure:3889: $? = 0
configure:3889: result: yes
configure:3889: checking expat.h presence
configure:3889: gcc -E   conftest.c
configure:3889: $? = 0
configure:3889: result: yes
configure:3889: checking for expat.h
configure:3889: result: yes
configure:3912: checking for an ANSI C-conforming const
configure:3977: gcc -c -g -O2 -Wall  conftest.c >&5
conftest.c: In function 'main':
conftest.c:51: warning: 't' is used uninitialized in this function
conftest.c:67: warning: 'b' is used uninitialized in this function
conftest.c:30: warning: 'cs[0]' is used uninitialized in this function
configure:3977: $? = 0
configure:3984: result: yes
configure:4002: checking for stdlib.h
configure:4002: result: yes
configure:4012: checking for GNU libc compatible malloc
configure:4036: gcc -o conftest -g -O2 -Wall   conftest.c  >&5
configure:4036: $? = 0
configure:4036: ./conftest
configure:4036: $? = 0
configure:4046: result: yes
configure:4067: checking for ANSI C header files
configure:4171: result: yes
configure:4183: checking whether build mod_irc
configure:4196: result: yes
configure:4205: checking whether build mod_muc
configure:4218: result: yes
configure:4227: checking whether build mod_proxy65
configure:4240: result: yes
configure:4249: checking whether build mod_pubsub
configure:4262: result: yes
configure:4271: checking whether build eldap
configure:4284: result: yes
configure:4293: checking whether build odbc
configure:4306: result: yes
configure:4315: checking whether build tls
configure:4328: result: yes
configure:4337: checking whether build web
configure:4350: result: yes
configure:4360: checking whether build ejabberd_zlib
configure:4373: result: yes
configure:4395: checking for gzgets in -lz
configure:4420: gcc -o conftest -g -O2 -Wall   conftest.c -lz   >&5
configure:4420: $? = 0
configure:4429: result: yes
configure:4447: checking zlib.h usability
configure:4447: gcc -c -g -O2 -Wall    conftest.c >&5
configure:4447: $? = 0
configure:4447: result: yes
configure:4447: checking zlib.h presence
configure:4447: gcc -E   conftest.c
configure:4447: $? = 0
configure:4447: result: yes
configure:4447: checking for zlib.h
configure:4447: result: yes
configure:4473: checking whether build pam
configure:4486: result: no
configure:4664: checking for SSL_new in -lssl
configure:4689: gcc -o conftest -g -O2 -Wall -g -O2 -Wall   conftest.c -lssl  -L/usr/local/ssl/lib -lcrypto -I/usr/local/ssl/include   >&5
configure:4689: $? = 0
configure:4698: result: yes
configure:4711: checking openssl/ssl.h usability
configure:4711: gcc -c -g -O2 -Wall -I/usr/local/ssl/include -g -O2 -Wall  conftest.c >&5
configure:4711: $? = 0
configure:4711: result: yes
configure:4711: checking openssl/ssl.h presence
configure:4711: gcc -E -I/usr/local/ssl/include -g -O2 -Wall  conftest.c
configure:4711: $? = 0
configure:4711: result: yes
configure:4711: checking for openssl/ssl.h
configure:4711: result: yes
configure:4757: checking krb5.h usability
configure:4757: gcc -c -g -O2 -Wall -I/usr/local/ssl/include -g -O2 -Wall  conftest.c >&5
configure:4757: $? = 0
configure:4757: result: yes
configure:4757: checking krb5.h presence
configure:4757: gcc -E -I/usr/local/ssl/include -g -O2 -Wall  conftest.c
configure:4757: $? = 0
configure:4757: result: yes
configure:4757: checking for krb5.h
configure:4757: result: yes
configure:4807: checking build system type
configure:4821: result: i686-pc-linux-gnu
configure:4841: checking host system type
configure:4854: result: i686-pc-linux-gnu
configure:4874: checking target system type
configure:4887: result: i686-pc-linux-gnu
configure:5209: creating ./config.status

## ---------------------- ##
## Running config.status. ##
## ---------------------- ##

This file was extended by ejabberd.erl config.status version, which was
generated by GNU Autoconf 2.64.  Invocation command line was

  CONFIG_FILES    = 
  CONFIG_HEADERS  = 
  CONFIG_LINKS    = 
  CONFIG_COMMANDS = 
  $ ./config.status 

on dell01

config.status:789: creating Makefile
config.status:789: creating mod_irc/Makefile
config.status:789: creating mod_muc/Makefile
config.status:789: creating mod_pubsub/Makefile
config.status:789: creating mod_proxy65/Makefile
config.status:789: creating eldap/Makefile
config.status:789: creating web/Makefile
config.status:789: creating stringprep/Makefile
config.status:789: creating stun/Makefile
config.status:789: creating tls/Makefile
config.status:789: creating odbc/Makefile
config.status:789: creating ejabberd_zlib/Makefile

## ---------------- ##
## Cache variables. ##
## ---------------- ##

ac_cv_build=i686-pc-linux-gnu
ac_cv_c_compiler_gnu=yes
ac_cv_c_const=yes
ac_cv_env_CC_set=
ac_cv_env_CC_value=
ac_cv_env_CFLAGS_set=
ac_cv_env_CFLAGS_value=
ac_cv_env_CPPFLAGS_set=
ac_cv_env_CPPFLAGS_value=
ac_cv_env_CPP_set=
ac_cv_env_CPP_value=
ac_cv_env_ERLCFLAGS_set=
ac_cv_env_ERLCFLAGS_value=
ac_cv_env_ERLC_set=
ac_cv_env_ERLC_value=
ac_cv_env_LDFLAGS_set=
ac_cv_env_LDFLAGS_value=
ac_cv_env_LIBS_set=
ac_cv_env_LIBS_value=
ac_cv_env_build_alias_set=
ac_cv_env_build_alias_value=
ac_cv_env_host_alias_set=
ac_cv_env_host_alias_value=
ac_cv_env_target_alias_set=
ac_cv_env_target_alias_value=
ac_cv_func_malloc_0_nonnull=yes
ac_cv_header_expat_h=yes
ac_cv_header_inttypes_h=yes
ac_cv_header_krb5_h=yes
ac_cv_header_memory_h=yes
ac_cv_header_openssl_ssl_h=yes
ac_cv_header_stdc=yes
ac_cv_header_stdint_h=yes
ac_cv_header_stdlib_h=yes
ac_cv_header_string_h=yes
ac_cv_header_strings_h=yes
ac_cv_header_sys_stat_h=yes
ac_cv_header_sys_types_h=yes
ac_cv_header_unistd_h=yes
ac_cv_header_zlib_h=yes
ac_cv_host=i686-pc-linux-gnu
ac_cv_lib_expat_XML_ParserCreate=yes
ac_cv_lib_ssl_SSL_new=yes
ac_cv_lib_z_gzgets=yes
ac_cv_objext=o
ac_cv_path_EGREP='/bin/grep -E'
ac_cv_path_GREP=/bin/grep
ac_cv_path_ac_pt_ERL=/usr/local/bin/erl
ac_cv_path_ac_pt_ERLC=/usr/local/bin/erlc
ac_cv_prog_CPP='gcc -E'
ac_cv_prog_ac_ct_CC=gcc
ac_cv_prog_cc_c89=
ac_cv_prog_cc_g=yes
ac_cv_prog_make_make_set=yes
ac_cv_target=i686-pc-linux-gnu
am_cv_func_iconv=yes
am_cv_lib_iconv=no
am_cv_proto_iconv='extern size_t iconv (iconv_t cd, char * *inbuf, size_t *inbytesleft, char * *outbuf, size_t *outbytesleft);'
am_cv_proto_iconv_arg1=

## ----------------- ##
## Output variables. ##
## ----------------- ##

CC='gcc'
CFLAGS='-g -O2 -Wall '
CPP='gcc -E'
CPPFLAGS='-I/usr/local/ssl/include -g -O2 -Wall '
DEFS='-DPACKAGE_NAME=\"ejabberd.erl\" -DPACKAGE_TARNAME=\"ejabberd\" -DPACKAGE_VERSION=\"version\" -DPACKAGE_STRING=\"ejabberd.erl\ version\" -DPACKAGE_BUGREPORT=\"ejabberd@process-one.net\" -DPACKAGE_URL=\"\" -DHAVE_ICONV=1 -DICONV_CONST= -DSTDC_HEADERS=1 -DHAVE_SYS_TYPES_H=1 -DHAVE_SYS_STAT_H=1 -DHAVE_STDLIB_H=1 -DHAVE_STRING_H=1 -DHAVE_MEMORY_H=1 -DHAVE_STRINGS_H=1 -DHAVE_INTTYPES_H=1 -DHAVE_STDINT_H=1 -DHAVE_UNISTD_H=1 -DHAVE_EXPAT_H=1 -DHAVE_STDLIB_H=1 -DHAVE_MALLOC=1 -DSTDC_HEADERS=1 -DHAVE_ZLIB_H=1 -DHAVE_OPENSSL_SSL_H=1'
ECHO_C=''
ECHO_N='-n'
ECHO_T=''
EGREP='/bin/grep -E'
ERL='/usr/local/bin/erl'
ERLANG_CFLAGS='-I/usr/local/lib/erlang/lib/erl_interface-3.6.5/include -I/usr/local/lib/erlang/usr/include'
ERLANG_LIBS='-L/usr/local/lib/erlang/lib/erl_interface-3.6.5/lib -lerl_interface -lei'
ERLANG_SSL39='-DSSL39'
ERLC='/usr/local/bin/erlc'
ERLCFLAGS=''
EXEEXT=''
EXPAT_CFLAGS=''
EXPAT_LIBS=' -lexpat'
GREP='/bin/grep'
INSTALLUSER=''
LDFLAGS=''
LIBICONV=''
LIBOBJS=''
LIBS=''
LTLIBOBJS=''
OBJEXT='o'
PACKAGE_BUGREPORT='ejabberd@process-one.net'
PACKAGE_NAME='ejabberd.erl'
PACKAGE_STRING='ejabberd.erl version'
PACKAGE_TARNAME='ejabberd'
PACKAGE_URL=''
PACKAGE_VERSION='version'
PAM_CFLAGS=''
PAM_LIBS=''
PATH_SEPARATOR=':'
SET_MAKE=''
SHELL='/bin/bash'
SSL_CFLAGS='-DHAVE_SSL'
SSL_LIBS='-L/usr/local/ssl/lib -lssl -lcrypto'
ZLIB_CFLAGS=''
ZLIB_LIBS=' -lz'
ac_ct_CC='gcc'
bindir='${exec_prefix}/bin'
build='i686-pc-linux-gnu'
build_alias=''
build_cpu='i686'
build_os='linux-gnu'
build_vendor='pc'
datadir='${datarootdir}'
datarootdir='${prefix}/share'
db_type='mssql'
docdir='${datarootdir}/doc/${PACKAGE_TARNAME}'
dvidir='${docdir}'
ejabberd_zlib='ejabberd_zlib'
eldap='eldap'
exec_prefix='${prefix}'
full_xml='false'
hipe='false'
host='i686-pc-linux-gnu'
host_alias=''
host_cpu='i686'
host_os='linux-gnu'
host_vendor='pc'
htmldir='${docdir}'
includedir='${prefix}/include'
infodir='${datarootdir}/info'
libdir='${exec_prefix}/lib'
libexecdir='${exec_prefix}/libexec'
localedir='${datarootdir}/locale'
localstatedir='${prefix}/var'
make_ejabberd_zlib='ejabberd_zlib/Makefile'
make_eldap='eldap/Makefile'
make_mod_irc='mod_irc/Makefile'
make_mod_muc='mod_muc/Makefile'
make_mod_proxy65='mod_proxy65/Makefile'
make_mod_pubsub='mod_pubsub/Makefile'
make_odbc='odbc/Makefile'
make_pam=''
make_tls='tls/Makefile'
make_web='web/Makefile'
mandir='${datarootdir}/man'
mod_irc='mod_irc'
mod_muc='mod_muc'
mod_proxy65='mod_proxy65'
mod_pubsub='mod_pubsub'
odbc='odbc'
oldincludedir='/usr/include'
pam=''
pdfdir='${docdir}'
prefix='/'
program_transform_name='s,x,x,'
psdir='${docdir}'
roster_gateway_workaround='false'
sbindir='${exec_prefix}/sbin'
sharedstatedir='${prefix}/com'
sysconfdir='${prefix}/etc'
target='i686-pc-linux-gnu'
target_alias=''
target_cpu='i686'
target_os='linux-gnu'
target_vendor='pc'
tls='tls'
transient_supervisors='true'
web='web'

## ----------- ##
## confdefs.h. ##
## ----------- ##

/* confdefs.h */
#define PACKAGE_NAME "ejabberd.erl"
#define PACKAGE_TARNAME "ejabberd"
#define PACKAGE_VERSION "version"
#define PACKAGE_STRING "ejabberd.erl version"
#define PACKAGE_BUGREPORT "ejabberd@process-one.net"
#define PACKAGE_URL ""
#define HAVE_ICONV 1
#define ICONV_CONST 
#define STDC_HEADERS 1
#define HAVE_SYS_TYPES_H 1
#define HAVE_SYS_STAT_H 1
#define HAVE_STDLIB_H 1
#define HAVE_STRING_H 1
#define HAVE_MEMORY_H 1
#define HAVE_STRINGS_H 1
#define HAVE_INTTYPES_H 1
#define HAVE_STDINT_H 1
#define HAVE_UNISTD_H 1
#define HAVE_EXPAT_H 1
#define HAVE_STDLIB_H 1
#define HAVE_MALLOC 1
#define STDC_HEADERS 1
#define HAVE_ZLIB_H 1
#define HAVE_OPENSSL_SSL_H 1

configure: exit 0
